<?xml version="1.0" encoding="UTF-8"?>
<testng-results ignored="0" total="1" passed="1" failed="0" skipped="0">
  <reporter-output>
  </reporter-output>
  <suite started-at="2025-03-06T12:22:41 IST" name="Default suite" finished-at="2025-03-06T12:23:26 IST" duration-ms="45014">
    <groups>
      <group name="cucumber">
        <method signature="AbstractTestNGCucumberTests.runScenario(io.cucumber.testng.PickleWrapper,io.cucumber.testng.FeatureWrapper)[pri:0, instance:io.testing.tables.datatables.Fprun@196a42c3]" name="runScenario" class="io.cucumber.testng.AbstractTestNGCucumberTests"/>
      </group> <!-- cucumber -->
    </groups>
    <test started-at="2025-03-06T12:22:41 IST" name="Default test" finished-at="2025-03-06T12:23:26 IST" duration-ms="45014">
      <class name="io.testing.tables.datatables.Fprun">
        <test-method is-config="true" signature="setUpClass(org.testng.ITestContext)[pri:0, instance:io.testing.tables.datatables.Fprun@196a42c3]" started-at="2025-03-06T12:22:41 IST" name="setUpClass" finished-at="2025-03-06T12:22:41 IST" duration-ms="259" status="PASS">
          <params>
            <param index="0">
              <value>
                <![CDATA[org.testng.TestRunner@39549f33]]>
              </value>
            </param>
          </params>
          <reporter-output>
          </reporter-output>
        </test-method> <!-- setUpClass -->
        <test-method signature="runScenario(io.cucumber.testng.PickleWrapper,io.cucumber.testng.FeatureWrapper)[pri:0, instance:io.testing.tables.datatables.Fprun@196a42c3]" started-at="2025-03-06T12:22:41 IST" name="runScenario" description="Runs Cucumber Scenarios" data-provider="scenarios" finished-at="2025-03-06T12:23:26 IST" duration-ms="44703" status="PASS">
          <params>
            <param index="0">
              <value>
                <![CDATA["User should open login page of Clear GRC"]]>
              </value>
            </param>
            <param index="1">
              <value>
                <![CDATA["Creating a new user in Clear GRC"]]>
              </value>
            </param>
          </params>
          <reporter-output>
          </reporter-output>
        </test-method> <!-- runScenario -->
        <test-method is-config="true" signature="tearDownClass()[pri:0, instance:io.testing.tables.datatables.Fprun@196a42c3]" started-at="2025-03-06T12:23:26 IST" name="tearDownClass" finished-at="2025-03-06T12:23:26 IST" duration-ms="12" status="PASS">
          <reporter-output>
          </reporter-output>
        </test-method> <!-- tearDownClass -->
      </class> <!-- io.testing.tables.datatables.Fprun -->
    </test> <!-- Default test -->
  </suite> <!-- Default suite -->
</testng-results>
