<?xml version="1.0" encoding="UTF-8"?>
<testng-results ignored="0" total="1" passed="1" failed="0" skipped="0">
  <reporter-output>
  </reporter-output>
  <suite started-at="2025-07-18T18:04:59 IST" name="Default suite" finished-at="2025-07-18T18:06:06 IST" duration-ms="67505">
    <groups>
      <group name="cucumber">
        <method signature="AbstractTestNGCucumberTests.runScenario(io.cucumber.testng.PickleWrapper,io.cucumber.testng.FeatureWrapper)[pri:0, instance:io.testing.tables.datatables.CqrunTests@2ab4bc72]" name="runScenario" class="io.cucumber.testng.AbstractTestNGCucumberTests"/>
      </group> <!-- cucumber -->
    </groups>
    <test started-at="2025-07-18T18:04:59 IST" name="Default test" finished-at="2025-07-18T18:06:06 IST" duration-ms="67505">
      <class name="io.testing.tables.datatables.CqrunTests">
        <test-method is-config="true" signature="setUpClass(org.testng.ITestContext)[pri:0, instance:io.testing.tables.datatables.CqrunTests@2ab4bc72]" started-at="2025-07-18T18:04:59 IST" name="setUpClass" finished-at="2025-07-18T18:04:59 IST" duration-ms="210" status="PASS">
          <params>
            <param index="0">
              <value>
                <![CDATA[org.testng.TestRunner@6c075e9d]]>
              </value>
            </param>
          </params>
          <reporter-output>
          </reporter-output>
        </test-method> <!-- setUpClass -->
        <test-method signature="runScenario(io.cucumber.testng.PickleWrapper,io.cucumber.testng.FeatureWrapper)[pri:0, instance:io.testing.tables.datatables.CqrunTests@2ab4bc72]" started-at="2025-07-18T18:04:59 IST" name="runScenario" description="Runs Cucumber Scenarios" data-provider="scenarios" finished-at="2025-07-18T18:06:06 IST" duration-ms="67219" status="PASS">
          <params>
            <param index="0">
              <value>
                <![CDATA["User should open login page of Clear GRC"]]>
              </value>
            </param>
            <param index="1">
              <value>
                <![CDATA["Creating a new user in Clear GRC"]]>
              </value>
            </param>
          </params>
          <reporter-output>
          </reporter-output>
        </test-method> <!-- runScenario -->
        <test-method is-config="true" signature="tearDownClass()[pri:0, instance:io.testing.tables.datatables.CqrunTests@2ab4bc72]" started-at="2025-07-18T18:06:06 IST" name="tearDownClass" finished-at="2025-07-18T18:06:06 IST" duration-ms="34" status="PASS">
          <reporter-output>
          </reporter-output>
        </test-method> <!-- tearDownClass -->
      </class> <!-- io.testing.tables.datatables.CqrunTests -->
    </test> <!-- Default test -->
  </suite> <!-- Default suite -->
</testng-results>
